Removed Pin From Net: NetName=VCC_3V3 Pin=B-2
Removed Pin From Net: NetName=GND Pin=C0-1
Removed Pin From Net: NetName=VCC_3V3 Pin=C0-2
Removed Pin From Net: NetName=GND Pin=C1-1
Removed Pin From Net: NetName=VCC_3V3 Pin=C1-2
Removed Pin From Net: NetName=GND Pin=C2-1
Removed Pin From Net: NetName=VCC_3V3 Pin=C2-2
Removed Pin From Net: NetName=GND Pin=C5-1
Removed Pin From Net: NetName=GND Pin=C6-1
Removed Pin From Net: NetName=GND Pin=C7-1
Removed Pin From Net: NetName=GND Pin=C8-1
Removed Pin From Net: NetName=GND Pin=C9-1
Removed Pin From Net: NetName=GND Pin=C10-1
Removed Pin From Net: NetName=eth_V- Pin=Cueth_b_a-1
Removed Pin From Net: NetName=eth_V+ Pin=Cueth_b_a-2
Removed Pin From Net: NetName=eth_V- Pin=Cueth_b_b-1
Removed Pin From Net: NetName=eth_V+ Pin=Cueth_b_b-2
Removed Pin From Net: NetName=GND Pin=Cueth_b_c-1
Removed Pin From Net: NetName=GND Pin=Cueth_b_d-1
Removed Pin From Net: NetName=GND Pin=Cueth_b_e-1
Removed Pin From Net: NetName=GND Pin=Cueth_b_f-1
Removed Pin From Net: NetName=GND Pin=Cupd_a-2
Removed Pin From Net: NetName=GND Pin=Cupd_b-2
Removed Pin From Net: NetName=eth_SCK Pin=eth_NTa-2
Removed Pin From Net: NetName=eth_MISO Pin=eth_NTb-2
Removed Pin From Net: NetName=eth_MOSI Pin=eth_NTc-2
Removed Pin From Net: NetName=VCC_3V3 Pin=G-2
Removed Pin From Net: NetName=eth_V+ Pin=J3-1
Removed Pin From Net: NetName=GND Pin=J3-2
Removed Pin From Net: NetName=eth_V- Pin=J3-3
Removed Pin From Net: NetName=GND Pin=J3-4
Removed Pin From Net: NetName=GND Pin=J3-6
Removed Pin From Net: NetName=GND Pin=J3-8
Removed Pin From Net: NetName=GND Pin=J3-10
Removed Pin From Net: NetName=VCC_3V3 Pin=J3-37
Removed Pin From Net: NetName=VCC_3V3 Pin=J3-39
Removed Pin From Net: NetName=GND Pin=J4-0
Removed Pin From Net: NetName=GND Pin=J4-0
Removed Pin From Net: NetName=GND Pin=J4-0
Removed Pin From Net: NetName=GND Pin=J4-0
Removed Pin From Net: NetName=GND Pin=J4-A1_B12
Removed Pin From Net: NetName=GND Pin=J4-A12_B1
Removed Pin From Net: NetName=VCC_3V3 Pin=L0-2
Removed Pin From Net: NetName=GND Pin=Q2-2
Removed Pin From Net: NetName=GND Pin=R5-2
Removed Pin From Net: NetName=VCC_3V3 Pin=R7-2
Removed Pin From Net: NetName=GND Pin=R8-1
Removed Pin From Net: NetName=GND Pin=R11-2
Removed Pin From Net: NetName=GND Pin=R12-2
Removed Pin From Net: NetName=VCC_3V3 Pin=R-2
Removed Pin From Net: NetName=VCC_3V3 Pin=SW-2
Removed Pin From Net: NetName=VCC_3V3 Pin=SW-2
Removed Pin From Net: NetName=VCC_3V3 Pin=U0-1
Removed Pin From Net: NetName=GND Pin=U0-18
Removed Pin From Net: NetName=VCC_3V3 Pin=U0-19
Removed Pin From Net: NetName=VCC_3V3 Pin=U0-32
Removed Pin From Net: NetName=VCC_3V3 Pin=U0-48
Removed Pin From Net: NetName=GND Pin=U0-60
Removed Pin From Net: NetName=GND Pin=U0-63
Removed Pin From Net: NetName=VCC_3V3 Pin=U0-64
Removed Pin From Net: NetName=GND Pin=U1-1
Removed Pin From Net: NetName=VCC_3V3 Pin=U1-3
Removed Pin From Net: NetName=VCC_3V3 Pin=U?-1
Removed Pin From Net: NetName=GND Pin=U?-23
Removed Pin From Net: NetName=VCC_3V3 Pin=U?-24
Removed Pin From Net: NetName=GND Pin=U?-35
Removed Pin From Net: NetName=VCC_3V3 Pin=U?-36
Removed Pin From Net: NetName=GND Pin=U?-44
Removed Pin From Net: NetName=GND Pin=U?-47
Removed Pin From Net: NetName=VCC_3V3 Pin=U?-48
Removed Pin From Net: NetName=eth_V+ Pin=Ueth_b-1
Removed Pin From Net: NetName=eth_V- Pin=Ueth_b-2
Removed Pin From Net: NetName=GND Pin=Ueth_b-5
Removed Pin From Net: NetName=GND Pin=Upd-0
Removed Pin From Net: NetName=VCC_3V3 Pin=Upd-3
Removed Pin From Net: NetName=VCC_3V3 Pin=Upd-3
Removed Pin From Net: NetName=VCC_3V3 Pin=Upd-4
Removed Pin From Net: NetName=VCC_3V3 Pin=Upd-4
Removed Pin From Net: NetName=GND Pin=Upd-8
Removed Pin From Net: NetName=GND Pin=Upd-8
Removed Pin From Net: NetName=GND Pin=Upd-9
Removed Pin From Net: NetName=GND Pin=Upd-9
Removed Member From Class: ClassName=CPU.3 Member=B
Removed Member From Class: ClassName=CPU.3 Member=C0
Removed Member From Class: ClassName=CPU.3 Member=C1
Removed Member From Class: ClassName=CPU.3 Member=C2
Removed Member From Class: ClassName=CPU.3 Member=C3
Removed Member From Class: ClassName=CPU.3 Member=C5
Removed Member From Class: ClassName=CPU.3 Member=C6
Removed Member From Class: ClassName=CPU.3 Member=C7
Removed Member From Class: ClassName=CPU.3 Member=C8
Removed Member From Class: ClassName=CPU.3 Member=C9
Removed Member From Class: ClassName=CPU.3 Member=C10
Removed Member From Class: ClassName=CPU.3 Member=Cueth_b_a
Removed Member From Class: ClassName=CPU.3 Member=Cueth_b_b
Removed Member From Class: ClassName=CPU.3 Member=Cueth_b_c
Removed Member From Class: ClassName=CPU.3 Member=Cueth_b_d
Removed Member From Class: ClassName=CPU.3 Member=Cueth_b_e
Removed Member From Class: ClassName=CPU.3 Member=Cueth_b_f
Removed Member From Class: ClassName=CPU.3 Member=Cupd_a
Removed Member From Class: ClassName=CPU.3 Member=Cupd_b
Removed Member From Class: ClassName=CPU.3 Member=eth_NTa
Removed Member From Class: ClassName=CPU.3 Member=eth_NTb
Removed Member From Class: ClassName=CPU.3 Member=eth_NTc
Removed Member From Class: ClassName=CPU.3 Member=G
Removed Member From Class: ClassName=CPU.3 Member=J3
Removed Member From Class: ClassName=CPU.3 Member=J4
Removed Member From Class: ClassName=CPU.3 Member=L0
Removed Member From Class: ClassName=CPU.3 Member=Q1
Removed Member From Class: ClassName=CPU.3 Member=Q2
Removed Member From Class: ClassName=CPU.3 Member=R0
Removed Member From Class: ClassName=CPU.3 Member=R1
Removed Member From Class: ClassName=CPU.3 Member=R2
Removed Member From Class: ClassName=CPU.3 Member=R3
Removed Member From Class: ClassName=CPU.3 Member=R4
Removed Member From Class: ClassName=CPU.3 Member=R5
Removed Member From Class: ClassName=CPU.3 Member=R6
Removed Member From Class: ClassName=CPU.3 Member=R7
Removed Member From Class: ClassName=CPU.3 Member=R8
Removed Member From Class: ClassName=CPU.3 Member=R10
Removed Member From Class: ClassName=CPU.3 Member=R11
Removed Member From Class: ClassName=CPU.3 Member=R12
Removed Member From Class: ClassName=CPU.3 Member=Rcpu_f
Removed Member From Class: ClassName=CPU.3 Member=R
Removed Member From Class: ClassName=CPU.3 Member=SW
Removed Member From Class: ClassName=CPU.3 Member=U0
Removed Member From Class: ClassName=CPU.3 Member=U1
Removed Member From Class: ClassName=CPU.3 Member=U?
Removed Member From Class: ClassName=CPU.3 Member=Ueth_b
Removed Member From Class: ClassName=CPU.3 Member=Upd
Removed Member From Class: ClassName=CPU.3 Member=Y0
