Added Component: Designator=eth_NTd(NET_TIE)
Add component. Clean all parameters for all variants
Added Pin To Net: NetName=NetB_1 Pin=B-1
Added Pin To Net: NetName=VSSA Pin=C3-1
Added Pin To Net: NetName=VDDA Pin=C3-2
Added Pin To Net: NetName=VCC_5V Pin=C5-2
Added Pin To Net: NetName=NetC6_2 Pin=C6-2
Added Pin To Net: NetName=NetC7_2 Pin=C7-2
Added Pin To Net: NetName=XIN Pin=C8-2
Added Pin To Net: NetName=XOUT Pin=C9-2
Added Pin To Net: NetName=NRST Pin=C10-2
Added Pin To Net: NetName=VCC_5V Pin=Cueth_b_c-2
Added Pin To Net: NetName=VCC_5V Pin=Cueth_b_d-2
Added Pin To Net: NetName=VCC_5V Pin=Cueth_b_e-2
Added Pin To Net: NetName=VCC_5V Pin=Cueth_b_f-2
Added Pin To Net: NetName=CC2 Pin=Cupd_a-1
Added Pin To Net: NetName=CC1 Pin=Cupd_b-1
Added Pin To Net: NetName=^PB13_SCK2 Pin=eth_NTa-1
Added Pin To Net: NetName=^PB14_MISO2 Pin=eth_NTb-1
Added Pin To Net: NetName=^PB15_MOSI2 Pin=eth_NTc-1
Added Pin To Net: NetName=^PB12_SS2 Pin=eth_NTd-1
Added Pin To Net: NetName=eth_CSn Pin=eth_NTd-2
Added Pin To Net: NetName=NetG_1 Pin=G-1
Added Pin To Net: NetName=VCC_5V_SW Pin=J3-7
Added Pin To Net: NetName=VCC_5V_SW Pin=J3-9
Added Pin To Net: NetName=VCC_5V_SW Pin=J3-11
Added Pin To Net: NetName=^PB11_SDA2_TX3 Pin=J3-20
Added Pin To Net: NetName=^PB12_SS2 Pin=J3-21
Added Pin To Net: NetName=^PB10_SCL2_RX3 Pin=J3-22
Added Pin To Net: NetName=PC5 Pin=J3-23
Added Pin To Net: NetName=~PB1_ADC9 Pin=J3-24
Added Pin To Net: NetName=PC4 Pin=J3-25
Added Pin To Net: NetName=~PB0_ADC8 Pin=J3-26
Added Pin To Net: NetName=~PA7_ADC7_MOSI1 Pin=J3-27
Added Pin To Net: NetName=^PB2_BOOT1 Pin=J3-28
Added Pin To Net: NetName=~PA6_ADC6_MISO1 Pin=J3-29
Added Pin To Net: NetName=^PB13_SCK2 Pin=J3-30
Added Pin To Net: NetName=PA5_ADC5_SCK1 Pin=J3-31
Added Pin To Net: NetName=^PB14_MISO2 Pin=J3-32
Added Pin To Net: NetName=PA4_ADC4_SS1 Pin=J3-33
Added Pin To Net: NetName=^PB15_MOSI2 Pin=J3-34
Added Pin To Net: NetName=~PA3_ADC3_RX2 Pin=J3-35
Added Pin To Net: NetName=PC6 Pin=J3-36
Added Pin To Net: NetName=PC7 Pin=J3-38
Added Pin To Net: NetName=~PA1_ADC1 Pin=J3-40
Added Pin To Net: NetName=VDDA Pin=J3-41
Added Pin To Net: NetName=~PA0_ADC0 Pin=J3-42
Added Pin To Net: NetName=~PA2_ADC2_TX2 Pin=J3-43
Added Pin To Net: NetName=VSSA Pin=J3-44
Added Pin To Net: NetName=PC2 Pin=J3-45
Added Pin To Net: NetName=PC3 Pin=J3-46
Added Pin To Net: NetName=PC1 Pin=J3-47
Added Pin To Net: NetName=PC15 Pin=J3-48
Added Pin To Net: NetName=PC0 Pin=J3-49
Added Pin To Net: NetName=PC14 Pin=J3-50
Added Pin To Net: NetName=XOUT Pin=J3-51
Added Pin To Net: NetName=^~PB7_SDA1 Pin=J3-52
Added Pin To Net: NetName=XIN Pin=J3-53
Added Pin To Net: NetName=^~PB6_SCL1 Pin=J3-54
Added Pin To Net: NetName=NRST Pin=J3-55
Added Pin To Net: NetName=PC8 Pin=J3-56
Added Pin To Net: NetName=PC13 Pin=J3-57
Added Pin To Net: NetName=PC9 Pin=J3-58
Added Pin To Net: NetName=~PB9_CANTX Pin=J3-59
Added Pin To Net: NetName=^~PA8 Pin=J3-60
Added Pin To Net: NetName=~PB8_CANRX Pin=J3-61
Added Pin To Net: NetName=^~PA9_TX1 Pin=J3-62
Added Pin To Net: NetName=PB5 Pin=J3-63
Added Pin To Net: NetName=^~PA10_RX1 Pin=J3-64
Added Pin To Net: NetName=^PB4 Pin=J3-65
Added Pin To Net: NetName=^PB3/PPS Pin=J3-66
Added Pin To Net: NetName=PD2 Pin=J3-67
Added Pin To Net: NetName=SWCLK Pin=J3-68
Added Pin To Net: NetName=PC12 Pin=J3-69
Added Pin To Net: NetName=SWDIO Pin=J3-70
Added Pin To Net: NetName=PC11 Pin=J3-71
Added Pin To Net: NetName=USB_DP Pin=J3-72
Added Pin To Net: NetName=PC10 Pin=J3-73
Added Pin To Net: NetName=USB_DM Pin=J3-74
Added Pin To Net: NetName=^PA15 Pin=J3-75
Added Pin To Net: NetName=VCC_5V Pin=J4-A4_B9
Added Pin To Net: NetName=CC1 Pin=J4-A5
Added Pin To Net: NetName=USB_DP Pin=J4-A6
Added Pin To Net: NetName=USB_DM Pin=J4-A7
Added Pin To Net: NetName=SWCLK Pin=J4-A8
Added Pin To Net: NetName=VCC_5V Pin=J4-A9_B4
Added Pin To Net: NetName=CC2 Pin=J4-B5
Added Pin To Net: NetName=USB_DP Pin=J4-B6
Added Pin To Net: NetName=USB_DM Pin=J4-B7
Added Pin To Net: NetName=SWDIO Pin=J4-B8
Added Pin To Net: NetName=VDDA Pin=L0-1
Added Pin To Net: NetName=NetQ1_1 Pin=Q1-1
Added Pin To Net: NetName=VCC_5V Pin=Q1-2
Added Pin To Net: NetName=VCC_5V_SW Pin=Q1-3
Added Pin To Net: NetName=PWEN Pin=Q2-1
Added Pin To Net: NetName=NetQ1_1 Pin=Q2-3
Added Pin To Net: NetName=USB_DM Pin=R0-1
Added Pin To Net: NetName=USB_DM_R Pin=R0-2
Added Pin To Net: NetName=USB_DP Pin=R1-1
Added Pin To Net: NetName=USB_DP_R Pin=R1-2
Added Pin To Net: NetName=^~PB7_SDA1 Pin=R2-1
Added Pin To Net: NetName=NetG_1 Pin=R2-2
Added Pin To Net: NetName=^~PB6_SCL1 Pin=R3-1
Added Pin To Net: NetName=NetR3_2 Pin=R3-2
Added Pin To Net: NetName=~PA1_ADC1 Pin=R4-1
Added Pin To Net: NetName=NetB_1 Pin=R4-2
Added Pin To Net: NetName=^PB2_BOOT1 Pin=R5-1
Added Pin To Net: NetName=PWEN Pin=R6-1
Added Pin To Net: NetName=^~PA8 Pin=R6-2
Added Pin To Net: NetName=USB_DP_R Pin=R7-1
Added Pin To Net: NetName=VSSA Pin=R8-2
Added Pin To Net: NetName=VCC_5V Pin=R10-1
Added Pin To Net: NetName=NetQ1_1 Pin=R10-2
Added Pin To Net: NetName=CC1 Pin=R11-1
Added Pin To Net: NetName=CC2 Pin=R12-1
Added Pin To Net: NetName=NetR3_2 Pin=R-1
Added Pin To Net: NetName=VCC_5V_SW Pin=Rcpu_f-1
Added Pin To Net: NetName=VCC_5V Pin=Rcpu_f-2
Added Pin To Net: NetName=^PB2_BOOT1 Pin=SW-1
Added Pin To Net: NetName=^PB2_BOOT1 Pin=SW-1
Added Pin To Net: NetName=PC13 Pin=U0-2
Added Pin To Net: NetName=PC14 Pin=U0-3
Added Pin To Net: NetName=PC15 Pin=U0-4
Added Pin To Net: NetName=XIN Pin=U0-5
Added Pin To Net: NetName=XOUT Pin=U0-6
Added Pin To Net: NetName=NRST Pin=U0-7
Added Pin To Net: NetName=PC0 Pin=U0-8
Added Pin To Net: NetName=PC1 Pin=U0-9
Added Pin To Net: NetName=PC2 Pin=U0-10
Added Pin To Net: NetName=PC3 Pin=U0-11
Added Pin To Net: NetName=VSSA Pin=U0-12
Added Pin To Net: NetName=VDDA Pin=U0-13
Added Pin To Net: NetName=~PA0_ADC0 Pin=U0-14
Added Pin To Net: NetName=~PA1_ADC1 Pin=U0-15
Added Pin To Net: NetName=~PA2_ADC2_TX2 Pin=U0-16
Added Pin To Net: NetName=~PA3_ADC3_RX2 Pin=U0-17
Added Pin To Net: NetName=PA4_ADC4_SS1 Pin=U0-20
Added Pin To Net: NetName=PA5_ADC5_SCK1 Pin=U0-21
Added Pin To Net: NetName=~PA6_ADC6_MISO1 Pin=U0-22
Added Pin To Net: NetName=~PA7_ADC7_MOSI1 Pin=U0-23
Added Pin To Net: NetName=PC4 Pin=U0-24
Added Pin To Net: NetName=PC5 Pin=U0-25
Added Pin To Net: NetName=~PB0_ADC8 Pin=U0-26
Added Pin To Net: NetName=~PB1_ADC9 Pin=U0-27
Added Pin To Net: NetName=^PB2_BOOT1 Pin=U0-28
Added Pin To Net: NetName=^PB10_SCL2_RX3 Pin=U0-29
Added Pin To Net: NetName=^PB11_SDA2_TX3 Pin=U0-30
Added Pin To Net: NetName=NetC7_2 Pin=U0-31
Added Pin To Net: NetName=^PB12_SS2 Pin=U0-33
Added Pin To Net: NetName=^PB13_SCK2 Pin=U0-34
Added Pin To Net: NetName=^PB14_MISO2 Pin=U0-35
Added Pin To Net: NetName=^PB15_MOSI2 Pin=U0-36
Added Pin To Net: NetName=PC6 Pin=U0-37
Added Pin To Net: NetName=PC7 Pin=U0-38
Added Pin To Net: NetName=PC8 Pin=U0-39
Added Pin To Net: NetName=PC9 Pin=U0-40
Added Pin To Net: NetName=^~PA8 Pin=U0-41
Added Pin To Net: NetName=^~PA9_TX1 Pin=U0-42
Added Pin To Net: NetName=^~PA10_RX1 Pin=U0-43
Added Pin To Net: NetName=USB_DM_R Pin=U0-44
Added Pin To Net: NetName=USB_DP_R Pin=U0-45
Added Pin To Net: NetName=SWDIO Pin=U0-46
Added Pin To Net: NetName=NetC6_2 Pin=U0-47
Added Pin To Net: NetName=SWCLK Pin=U0-49
Added Pin To Net: NetName=^PA15 Pin=U0-50
Added Pin To Net: NetName=PC10 Pin=U0-51
Added Pin To Net: NetName=PC11 Pin=U0-52
Added Pin To Net: NetName=PC12 Pin=U0-53
Added Pin To Net: NetName=PD2 Pin=U0-54
Added Pin To Net: NetName=^PB3/PPS Pin=U0-55
Added Pin To Net: NetName=^PB4 Pin=U0-56
Added Pin To Net: NetName=PB5 Pin=U0-57
Added Pin To Net: NetName=^~PB6_SCL1 Pin=U0-58
Added Pin To Net: NetName=^~PB7_SDA1 Pin=U0-59
Added Pin To Net: NetName=~PB8_CANRX Pin=U0-61
Added Pin To Net: NetName=~PB9_CANTX Pin=U0-62
Added Pin To Net: NetName=VCC_5V Pin=U1-2
Added Pin To Net: NetName=VCC_5V Pin=U1-2
Added Pin To Net: NetName=PC13 Pin=U?-2
Added Pin To Net: NetName=PC14 Pin=U?-3
Added Pin To Net: NetName=PC15 Pin=U?-4
Added Pin To Net: NetName=XIN Pin=U?-5
Added Pin To Net: NetName=XOUT Pin=U?-6
Added Pin To Net: NetName=NRST Pin=U?-7
Added Pin To Net: NetName=VSSA Pin=U?-8
Added Pin To Net: NetName=VDDA Pin=U?-9
Added Pin To Net: NetName=~PA0_ADC0 Pin=U?-10
Added Pin To Net: NetName=~PA1_ADC1 Pin=U?-11
Added Pin To Net: NetName=~PA2_ADC2_TX2 Pin=U?-12
Added Pin To Net: NetName=~PA3_ADC3_RX2 Pin=U?-13
Added Pin To Net: NetName=PA4_ADC4_SS1 Pin=U?-14
Added Pin To Net: NetName=PA5_ADC5_SCK1 Pin=U?-15
Added Pin To Net: NetName=~PA6_ADC6_MISO1 Pin=U?-16
Added Pin To Net: NetName=~PA7_ADC7_MOSI1 Pin=U?-17
Added Pin To Net: NetName=~PB0_ADC8 Pin=U?-18
Added Pin To Net: NetName=~PB1_ADC9 Pin=U?-19
Added Pin To Net: NetName=^PB2_BOOT1 Pin=U?-20
Added Pin To Net: NetName=^PB10_SCL2_RX3 Pin=U?-21
Added Pin To Net: NetName=^PB11_SDA2_TX3 Pin=U?-22
Added Pin To Net: NetName=^PB12_SS2 Pin=U?-25
Added Pin To Net: NetName=^PB13_SCK2 Pin=U?-26
Added Pin To Net: NetName=^PB14_MISO2 Pin=U?-27
Added Pin To Net: NetName=^PB15_MOSI2 Pin=U?-28
Added Pin To Net: NetName=^~PA8 Pin=U?-29
Added Pin To Net: NetName=^~PA9_TX1 Pin=U?-30
Added Pin To Net: NetName=^~PA10_RX1 Pin=U?-31
Added Pin To Net: NetName=USB_DM_R Pin=U?-32
Added Pin To Net: NetName=USB_DP_R Pin=U?-33
Added Pin To Net: NetName=SWDIO Pin=U?-34
Added Pin To Net: NetName=SWCLK Pin=U?-37
Added Pin To Net: NetName=^PA15 Pin=U?-38
Added Pin To Net: NetName=^PB3/PPS Pin=U?-39
Added Pin To Net: NetName=^PB4 Pin=U?-40
Added Pin To Net: NetName=PB5 Pin=U?-41
Added Pin To Net: NetName=^~PB6_SCL1 Pin=U?-42
Added Pin To Net: NetName=^~PB7_SDA1 Pin=U?-43
Added Pin To Net: NetName=~PB8_CANRX Pin=U?-45
Added Pin To Net: NetName=~PB9_CANTX Pin=U?-46
Added Pin To Net: NetName=VCC_5V Pin=Ueth_b-7
Added Pin To Net: NetName=CC2 Pin=Upd-1
Added Pin To Net: NetName=CC2 Pin=Upd-1
Added Pin To Net: NetName=VCC_5V Pin=Upd-2
Added Pin To Net: NetName=VCC_5V Pin=Upd-2
Added Pin To Net: NetName=^PB12_SS2 Pin=Upd-5
Added Pin To Net: NetName=^PB12_SS2 Pin=Upd-5
Added Pin To Net: NetName=^PB10_SCL2_RX3 Pin=Upd-6
Added Pin To Net: NetName=^PB10_SCL2_RX3 Pin=Upd-6
Added Pin To Net: NetName=^PB11_SDA2_TX3 Pin=Upd-7
Added Pin To Net: NetName=^PB11_SDA2_TX3 Pin=Upd-7
Added Pin To Net: NetName=CC1 Pin=Upd-10
Added Pin To Net: NetName=CC1 Pin=Upd-10
Added Pin To Net: NetName=CC1 Pin=Upd-11
Added Pin To Net: NetName=CC1 Pin=Upd-11
Added Pin To Net: NetName=CC2 Pin=Upd-14
Added Pin To Net: NetName=CC2 Pin=Upd-14
Added Pin To Net: NetName=XIN Pin=Y0-1
Added Pin To Net: NetName=XOUT Pin=Y0-2
Added Pin To Net: NetName=NetUpd_12 Pin=Upd-12
Added Pin To Net: NetName=NetUpd_12 Pin=Upd-12
Added Pin To Net: NetName=NetUpd_12 Pin=Upd-13
Added Pin To Net: NetName=NetUpd_12 Pin=Upd-13
Added Net: Name=NetUpd_12
Added Member To Class: ClassName=CPU.3 Member=Component Cupd_a CL05B104KO5NNNC
Added Member To Class: ClassName=CPU.3 Member=Component Cupd_b CL05B104KO5NNNC
Added Member To Class: ClassName=CPU.3 Member=Component eth_NTd 0
Added Member To Class: ClassName=CPU.3 Member=Component Upd FUSB302BMPX
