Replace Part B 19-217/BHC-ZL1M2RY/3T in C:\git\cp2\cp3\CPU.3.SchDoc with 19-217/BHC-ZL1M2RY/3T from JLC_PCB.SchLib
Replace Part C0 CL05A106MQ5NUNC in C:\git\cp2\cp3\CPU.3.SchDoc with CL05A106MQ5NUNC from JLC_PCB.SchLib
Replace Part C1 CL05A106MQ5NUNC in C:\git\cp2\cp3\CPU.3.SchDoc with CL05A106MQ5NUNC from JLC_PCB.SchLib
Replace Part C2 CL05A106MQ5NUNC in C:\git\cp2\cp3\CPU.3.SchDoc with CL05A106MQ5NUNC from JLC_PCB.SchLib
Replace Part C3 CL05A105KA5NQNC in C:\git\cp2\cp3\CPU.3.SchDoc with CL05A105KA5NQNC from JLC_PCB.SchLib
Replace Part C4 CL05B104KO5NNNC in C:\git\cp2\cp3\CPU.3.SchDoc with CL05B104KO5NNNC from JLC_PCB.SchLib
Replace Part C5 CL21A106KAYNNNE in C:\git\cp2\cp3\CPU.3.SchDoc with CL21A106KAYNNNE from JLC_PCB.SchLib
Replace Part C6 CL05A106MQ5NUNC in C:\git\cp2\cp3\CPU.3.SchDoc with CL05A106MQ5NUNC from JLC_PCB.SchLib
Replace Part C7 CL05A106MQ5NUNC in C:\git\cp2\cp3\CPU.3.SchDoc with CL05A106MQ5NUNC from JLC_PCB.SchLib
Replace Part C8 0402CG120J500NT in C:\git\cp2\cp3\CPU.3.SchDoc with 0402CG120J500NT from JLC_PCB.SchLib
Replace Part C9 0402CG120J500NT in C:\git\cp2\cp3\CPU.3.SchDoc with 0402CG120J500NT from JLC_PCB.SchLib
Replace Part C10 0402CG101J500NT in C:\git\cp2\cp3\CPU.3.SchDoc with 0402CG101J500NT from JLC_PCB.SchLib
Replace Part C11 CL05B104KO5NNNC in C:\git\cp2\cp3\CPU.3.SchDoc with CL05B104KO5NNNC from JLC_PCB.SchLib
Replace Part Ceth0_8 CL05B104KO5NNNC in C:\git\cp2\cp3\CPU.3.SchDoc with CL05B104KO5NNNC from JLC_PCB.SchLib
Replace Part Ceth0_11 CL05B104KO5NNNC in C:\git\cp2\cp3\CPU.3.SchDoc with CL05B104KO5NNNC from JLC_PCB.SchLib
Replace Part Ceth0_15 CL05B104KO5NNNC in C:\git\cp2\cp3\CPU.3.SchDoc with CL05B104KO5NNNC from JLC_PCB.SchLib
Replace Part Ceth0_17 CL05B104KO5NNNC in C:\git\cp2\cp3\CPU.3.SchDoc with CL05B104KO5NNNC from JLC_PCB.SchLib
Replace Part Ceth0_20 CL05A106MQ5NUNC in C:\git\cp2\cp3\CPU.3.SchDoc with CL05A106MQ5NUNC from JLC_PCB.SchLib
Replace Part Ceth0_21 CL05B104KO5NNNC in C:\git\cp2\cp3\CPU.3.SchDoc with CL05B104KO5NNNC from JLC_PCB.SchLib
Replace Part Ceth0_22 CL05B104KO5NNNC in C:\git\cp2\cp3\CPU.3.SchDoc with CL05B104KO5NNNC from JLC_PCB.SchLib
Replace Part Ceth0_281 CL05B104KO5NNNC in C:\git\cp2\cp3\CPU.3.SchDoc with CL05B104KO5NNNC from JLC_PCB.SchLib
Replace Part Ceth0_282 CL05A106MQ5NUNC in C:\git\cp2\cp3\CPU.3.SchDoc with CL05A106MQ5NUNC from JLC_PCB.SchLib
Replace Part Ceth0_xi 0402CG120J500NT in C:\git\cp2\cp3\CPU.3.SchDoc with 0402CG120J500NT from JLC_PCB.SchLib
Replace Part Ceth0_xo 0402CG120J500NT in C:\git\cp2\cp3\CPU.3.SchDoc with 0402CG120J500NT from JLC_PCB.SchLib
Replace Part Cta_a 0402B223K500NT in C:\git\cp2\cp3\CPU.3.SchDoc with 0402B223K500NT from JLC_PCB.SchLib
Replace Part Cta_b 0402B682K500NT in C:\git\cp2\cp3\CPU.3.SchDoc with 0402B682K500NT from JLC_PCB.SchLib
Replace Part Cta_c 0402B682K500NT in C:\git\cp2\cp3\CPU.3.SchDoc with 0402B682K500NT from JLC_PCB.SchLib
Replace Part Cta_d CL05B103KB5NNNC in C:\git\cp2\cp3\CPU.3.SchDoc with CL05B103KB5NNNC from JLC_PCB.SchLib
Replace Part G 19-217/GHC-YR1S2/3T in C:\git\cp2\cp3\CPU.3.SchDoc with 19-217/GHC-YR1S2/3T from JLC_PCB.SchLib
Replace Part J3 NGFF_MALE_B in C:\git\cp2\cp3\CPU.3.SchDoc with NGFF_MALE_B from JLC_PCB.SchLib
Replace Part J4 918-418K2023S40001 in C:\git\cp2\cp3\CPU.3.SchDoc with 918-418K2023S40001 from JLC_PCB.SchLib
Replace Part L0 SDFL1608S100KTF in C:\git\cp2\cp3\CPU.3.SchDoc with SDFL1608S100KTF from JLC_PCB.SchLib
Replace Part Q1 AO3401A in C:\git\cp2\cp3\CPU.3.SchDoc with AO3401A from JLC_PCB.SchLib
Replace Part Q2 2N7002 in C:\git\cp2\cp3\CPU.3.SchDoc with 2N7002 from JLC_PCB.SchLib
Replace Part R KT-0603R in C:\git\cp2\cp3\CPU.3.SchDoc with KT-0603R from JLC_PCB.SchLib
Replace Part R0 0402WGF220JTCE in C:\git\cp2\cp3\CPU.3.SchDoc with 0402WGF220JTCE from JLC_PCB.SchLib
Replace Part R1 0402WGF220JTCE in C:\git\cp2\cp3\CPU.3.SchDoc with 0402WGF220JTCE from JLC_PCB.SchLib
Replace Part R2 0402WGF470JTCE in C:\git\cp2\cp3\CPU.3.SchDoc with 0402WGF470JTCE from JLC_PCB.SchLib
Replace Part R3 0402WGF1200TCE in C:\git\cp2\cp3\CPU.3.SchDoc with 0402WGF1200TCE from JLC_PCB.SchLib
Replace Part R4 0402WGF470JTCE in C:\git\cp2\cp3\CPU.3.SchDoc with 0402WGF470JTCE from JLC_PCB.SchLib
Replace Part R5 0402WGF1001TCE in C:\git\cp2\cp3\CPU.3.SchDoc with 0402WGF1001TCE from JLC_PCB.SchLib
Replace Part R6 NET_TIE in C:\git\cp2\cp3\CPU.3.SchDoc with NET_TIE from JLC_PCB.SchLib
Replace Part R7 0402WGF1501TCE in C:\git\cp2\cp3\CPU.3.SchDoc with 0402WGF1501TCE from JLC_PCB.SchLib
Replace Part R8 0402WGF0000TCE in C:\git\cp2\cp3\CPU.3.SchDoc with 0402WGF0000TCE from JLC_PCB.SchLib
Replace Part R10 0402WGF1000TCE in C:\git\cp2\cp3\CPU.3.SchDoc with 0402WGF1000TCE from JLC_PCB.SchLib
Replace Part R11 0402WGF5101TCE in C:\git\cp2\cp3\CPU.3.SchDoc with 0402WGF5101TCE from JLC_PCB.SchLib
Replace Part R12 0402WGF5101TCE in C:\git\cp2\cp3\CPU.3.SchDoc with 0402WGF5101TCE from JLC_PCB.SchLib
Replace Part Reth0_10 0402WGF1202TCE in C:\git\cp2\cp3\CPU.3.SchDoc with 0402WGF1202TCE from JLC_PCB.SchLib
Replace Part Reth0_25 0402WGF2200TCE in C:\git\cp2\cp3\CPU.3.SchDoc with 0402WGF2200TCE from JLC_PCB.SchLib
Replace Part Reth0_27 0402WGF2200TCE in C:\git\cp2\cp3\CPU.3.SchDoc with 0402WGF2200TCE from JLC_PCB.SchLib
Replace Part Reth0_31 0402WGF1004TCE in C:\git\cp2\cp3\CPU.3.SchDoc with 0402WGF1004TCE from JLC_PCB.SchLib
Replace Part Reth0_36 0402WGF1002TCE in C:\git\cp2\cp3\CPU.3.SchDoc with 0402WGF1002TCE from JLC_PCB.SchLib
Replace Part Reth0_37 0402WGF1002TCE in C:\git\cp2\cp3\CPU.3.SchDoc with 0402WGF1002TCE from JLC_PCB.SchLib
Replace Part Rta_a 0402WGF470JTCE in C:\git\cp2\cp3\CPU.3.SchDoc with 0402WGF470JTCE from JLC_PCB.SchLib
Replace Part Rta_b 0402WGF470JTCE in C:\git\cp2\cp3\CPU.3.SchDoc with 0402WGF470JTCE from JLC_PCB.SchLib
Replace Part Rta_c 0402WGF100JTCE in C:\git\cp2\cp3\CPU.3.SchDoc with 0402WGF100JTCE from JLC_PCB.SchLib
Replace Part Rta_e 0402WGF1000TCE in C:\git\cp2\cp3\CPU.3.SchDoc with 0402WGF1000TCE from JLC_PCB.SchLib
Replace Part Rta_f 0402WGF1000TCE in C:\git\cp2\cp3\CPU.3.SchDoc with 0402WGF1000TCE from JLC_PCB.SchLib
Replace Part SW TS-1187A-C-C-B in C:\git\cp2\cp3\CPU.3.SchDoc with TS-1187A-C-C-B from JLC_PCB.SchLib
Replace Part U0 GD32F405RGT6 in C:\git\cp2\cp3\CPU.3.SchDoc with GD32F405RGT6 from JLC_PCB.SchLib
Replace Part U1 HT7533-1 in C:\git\cp2\cp3\CPU.3.SchDoc with HT7533-1 from JLC_PCB.SchLib
Replace Part U2 FUSB302BMPX in C:\git\cp2\cp3\CPU.3.SchDoc with FUSB302BMPX from JLC_PCB.SchLib
Replace Part U? GD32F103CBT6 in C:\git\cp2\cp3\CPU.3.SchDoc with GD32F103CBT6 from JLC_PCB.SchLib
Replace Part Ueth0 W5500 in C:\git\cp2\cp3\CPU.3.SchDoc with W5500 from JLC_PCB.SchLib
Replace Part Y0 X50328MSB2GI in C:\git\cp2\cp3\CPU.3.SchDoc with X50328MSB2GI from JLC_PCB.SchLib
