Added Component: Designator=J1(DX07S016JA1R1500)
Add component. Clean all parameters for all variants
Add component (AddParameter): Name = "JLC Availability"; Value = "LCSC"; VariantName = "[No Variations]"
Add component (AddParameter): Name = "LCSC Part #"; Value = "C167321"; VariantName = "[No Variations]"
Added Component: Designator=J2(DX07S016JA1R1500)
Add component. Clean all parameters for all variants
Add component (AddParameter): Name = "JLC Availability"; Value = "LCSC"; VariantName = "[No Variations]"
Add component (AddParameter): Name = "LCSC Part #"; Value = "C167321"; VariantName = "[No Variations]"
Added Pin To Net: NetName=GND Pin=J1-0
Added Pin To Net: NetName=GND Pin=J1-0
Added Pin To Net: NetName=GND Pin=J1-0
Added Pin To Net: NetName=GND Pin=J1-0
Added Pin To Net: NetName=GND Pin=J1-A1_B12
Added Pin To Net: NetName=VCC_5V Pin=J1-A4_B9
Added Pin To Net: NetName=CC1 Pin=J1-A5
Added Pin To Net: NetName=USB_DP Pin=J1-A6
Added Pin To Net: NetName=USB_DM Pin=J1-A7
Added Pin To Net: NetName=SWCLK Pin=J1-A8
Added Pin To Net: NetName=VCC_5V Pin=J1-A9_B4
Added Pin To Net: NetName=GND Pin=J1-A12_B1
Added Pin To Net: NetName=CC2 Pin=J1-B5
Added Pin To Net: NetName=USB_DP Pin=J1-B6
Added Pin To Net: NetName=USB_DM Pin=J1-B7
Added Pin To Net: NetName=SWDIO Pin=J1-B8
Added Pin To Net: NetName=GND Pin=J2-0
Added Pin To Net: NetName=GND Pin=J2-0
Added Pin To Net: NetName=GND Pin=J2-0
Added Pin To Net: NetName=GND Pin=J2-0
Added Pin To Net: NetName=GND Pin=J2-A1_B12
Added Pin To Net: NetName=VCC_5V Pin=J2-A4_B9
Added Pin To Net: NetName=CC1 Pin=J2-A5
Added Pin To Net: NetName=USB_DP Pin=J2-A6
Added Pin To Net: NetName=USB_DM Pin=J2-A7
Added Pin To Net: NetName=SWCLK Pin=J2-A8
Added Pin To Net: NetName=VCC_5V Pin=J2-A9_B4
Added Pin To Net: NetName=GND Pin=J2-A12_B1
Added Pin To Net: NetName=CC2 Pin=J2-B5
Added Pin To Net: NetName=USB_DP Pin=J2-B6
Added Pin To Net: NetName=USB_DM Pin=J2-B7
Added Pin To Net: NetName=SWDIO Pin=J2-B8
Added Member To Class: ClassName=programmer Member=Component J1 918-418K2023S40001
Added Member To Class: ClassName=programmer Member=Component J2 918-418K2023S40001
