Change Physical Footprint: Designator=B Old Footprint=D_0603 New Footprint=D_0603
Change Physical Footprint: Designator=C0 Old Footprint=C_0402 New Footprint=C_0402
Change Physical Footprint: Designator=C1 Old Footprint=C_0402 New Footprint=C_0402
Change Physical Footprint: Designator=C2 Old Footprint=C_0402 New Footprint=C_0402
Change Physical Footprint: Designator=C3 Old Footprint=C_0402 New Footprint=C_0402
Change Physical Footprint: Designator=C4 Old Footprint=C_0402 New Footprint=C_0402
Change Physical Footprint: Designator=C5 Old Footprint=C_0805 New Footprint=C_0805
Change Physical Footprint: Designator=C6 Old Footprint=C_0402 New Footprint=C_0402
Change Physical Footprint: Designator=C7 Old Footprint=C_0402 New Footprint=C_0402
Change Physical Footprint: Designator=C8 Old Footprint=C_0402 New Footprint=C_0402
Change Physical Footprint: Designator=C9 Old Footprint=C_0402 New Footprint=C_0402
Change Physical Footprint: Designator=C10 Old Footprint=C_0402 New Footprint=C_0402
Change Physical Footprint: Designator=C11 Old Footprint=C_0402 New Footprint=C_0402
Change Physical Footprint: Designator=Ceth0_8 Old Footprint=C_0402 New Footprint=C_0402
Change Physical Footprint: Designator=Ceth0_11 Old Footprint=C_0402 New Footprint=C_0402
Change Physical Footprint: Designator=Ceth0_15 Old Footprint=C_0402 New Footprint=C_0402
Change Physical Footprint: Designator=Ceth0_17 Old Footprint=C_0402 New Footprint=C_0402
Change Physical Footprint: Designator=Ceth0_20 Old Footprint=C_0402 New Footprint=C_0402
Change Physical Footprint: Designator=Ceth0_21 Old Footprint=C_0402 New Footprint=C_0402
Change Physical Footprint: Designator=Ceth0_22 Old Footprint=C_0402 New Footprint=C_0402
Change Physical Footprint: Designator=Ceth0_281 Old Footprint=C_0402 New Footprint=C_0402
Change Physical Footprint: Designator=Ceth0_282 Old Footprint=C_0402 New Footprint=C_0402
Change Physical Footprint: Designator=Ceth0_xi Old Footprint=C_0402 New Footprint=C_0402
Change Physical Footprint: Designator=Ceth0_xo Old Footprint=C_0402 New Footprint=C_0402
Change Physical Footprint: Designator=Cta_a Old Footprint=C_0402 New Footprint=C_0402
Change Physical Footprint: Designator=Cta_b Old Footprint=C_0402 New Footprint=C_0402
Change Physical Footprint: Designator=Cta_c Old Footprint=C_0402 New Footprint=C_0402
Change Physical Footprint: Designator=Cta_d Old Footprint=C_0402 New Footprint=C_0402
Change Physical Footprint: Designator=Cta_e Old Footprint=C_1206 New Footprint=C_1206
Change Physical Footprint: Designator=Cta_f Old Footprint=C_1206 New Footprint=C_1206
Change Physical Footprint: Designator=Dta_a Old Footprint=SOD-323 New Footprint=SOD-323
Change Physical Footprint: Designator=Dta_b Old Footprint=SOD-323 New Footprint=SOD-323
Change Physical Footprint: Designator=Dta_c Old Footprint=SOD-323 New Footprint=SOD-323
Change Physical Footprint: Designator=Dta_d Old Footprint=SOD-323 New Footprint=SOD-323
Change Physical Footprint: Designator=Dta_e Old Footprint=SOD-323 New Footprint=SOD-323
Change Physical Footprint: Designator=Dta_f Old Footprint=SOD-323 New Footprint=SOD-323
Change Physical Footprint: Designator=Dta_g Old Footprint=SOD-323 New Footprint=SOD-323
Change Physical Footprint: Designator=Dta_h Old Footprint=SOD-323 New Footprint=SOD-323
Change Physical Footprint: Designator=eth_NTa Old Footprint=NET_TIE New Footprint=NET_TIE
Change Physical Footprint: Designator=eth_NTb Old Footprint=NET_TIE New Footprint=NET_TIE
Change Physical Footprint: Designator=eth_NTc Old Footprint=NET_TIE New Footprint=NET_TIE
Change Physical Footprint: Designator=G Old Footprint=D_0603 New Footprint=D_0603
Change Physical Footprint: Designator=J3 Old Footprint=NGFF_MALE_B New Footprint=NGFF_MALE_B
Change Physical Footprint: Designator=J4 Old Footprint=DX07S016JA1R1500 New Footprint=DX07S016JA1R1500
Change Physical Footprint: Designator=Jeth Old Footprint=TE_2-406549-1 New Footprint=TE_2-406549-1
Change Physical Footprint: Designator=L0 Old Footprint=L_0603 New Footprint=L_0603
Change Physical Footprint: Designator=Q1 Old Footprint=TO-236AB New Footprint=TO-236AB
Change Physical Footprint: Designator=Q2 Old Footprint=TO-236AB New Footprint=TO-236AB
Change Physical Footprint: Designator=R Old Footprint=D_0603 New Footprint=D_0603
Change Physical Footprint: Designator=R0 Old Footprint=R_0402 New Footprint=R_0402
Change Physical Footprint: Designator=R1 Old Footprint=R_0402 New Footprint=R_0402
Change Physical Footprint: Designator=R2 Old Footprint=R_0402 New Footprint=R_0402
Change Physical Footprint: Designator=R3 Old Footprint=R_0402 New Footprint=R_0402
Change Physical Footprint: Designator=R4 Old Footprint=R_0402 New Footprint=R_0402
Change Physical Footprint: Designator=R5 Old Footprint=R_0402 New Footprint=R_0402
Change Physical Footprint: Designator=R6 Old Footprint=NET_TIE New Footprint=NET_TIE
Change Physical Footprint: Designator=R7 Old Footprint=R_0402 New Footprint=R_0402
Change Physical Footprint: Designator=R8 Old Footprint=R_0402 New Footprint=R_0402
Change Physical Footprint: Designator=R10 Old Footprint=R_0402 New Footprint=R_0402
Change Physical Footprint: Designator=R11 Old Footprint=R_0402 New Footprint=R_0402
Change Physical Footprint: Designator=R12 Old Footprint=R_0402 New Footprint=R_0402
Change Physical Footprint: Designator=Reth0_10 Old Footprint=R_0402 New Footprint=R_0402
Change Physical Footprint: Designator=Reth0_25 Old Footprint=R_0402 New Footprint=R_0402
Change Physical Footprint: Designator=Reth0_27 Old Footprint=R_0402 New Footprint=R_0402
Change Physical Footprint: Designator=Reth0_31 Old Footprint=R_0402 New Footprint=R_0402
Change Physical Footprint: Designator=Reth0_36 Old Footprint=R_0402 New Footprint=R_0402
Change Physical Footprint: Designator=Reth0_37 Old Footprint=R_0402 New Footprint=R_0402
Change Physical Footprint: Designator=Rta_a Old Footprint=R_0402 New Footprint=R_0402
Change Physical Footprint: Designator=Rta_b Old Footprint=R_0402 New Footprint=R_0402
Change Physical Footprint: Designator=Rta_c Old Footprint=R_0402 New Footprint=R_0402
Change Physical Footprint: Designator=Rta_e Old Footprint=R_0402 New Footprint=R_0402
Change Physical Footprint: Designator=Rta_f Old Footprint=R_0402 New Footprint=R_0402
Change Physical Footprint: Designator=Rta_g Old Footprint=R_0402 New Footprint=R_0402
Change Physical Footprint: Designator=Rta_h Old Footprint=R_0402 New Footprint=R_0402
Change Physical Footprint: Designator=Rta_i Old Footprint=R_0402 New Footprint=R_0402
Change Physical Footprint: Designator=Rta_j Old Footprint=R_0402 New Footprint=R_0402
Change Physical Footprint: Designator=SW Old Footprint=TS-1187A-C-C-B New Footprint=TS-1187A-C-C-B
Change Physical Footprint: Designator=Ta Old Footprint=XFMR_H1102NLT New Footprint=XFMR_H1102NLT
Change Physical Footprint: Designator=U0 Old Footprint=QFP-64-P0.5MM New Footprint=QFP-64-P0.5MM
Change Physical Footprint: Designator=U1 Old Footprint=SOT-223-3 New Footprint=SOT-223-3
Change Physical Footprint: Designator=U2 Old Footprint=QFN-14-P0.5MM New Footprint=QFN-14-P0.5MM
Change Physical Footprint: Designator=U? Old Footprint=QFP-48-P0.5MM New Footprint=QFP-48-P0.5MM
Change Physical Footprint: Designator=Ueth0 Old Footprint=QFP-48-P0.5MM New Footprint=QFP-48-P0.5MM
Change Physical Footprint: Designator=Y0 Old Footprint=YSX530GA New Footprint=YSX530GA
