Removed Pin From Net: NetName=GND Pin=DIGITAL-35
Removed Pin From Net: NetName=GND Pin=DIGITAL-36
Removed Pin From Net: NetName=GND Pin=ICSP-6
Removed Pin From Net: NetName=GND Pin=POWER-2
Removed Pin From Net: NetName=GND Pin=POWER-3
Removed Pin From Net: NetName=GND Pin=PWM_H-7
Added Component: Designator=U?(POWERNET-MAC)
Add component. Clean all parameters for all variants
Add component (AddParameter): Name = "LCSC Part #"; Value = "C2761344"; VariantName = "[No Variations]"
Add component (AddParameter): Name = "Manufacturer"; Value = "Foxconn"; VariantName = "[No Variations]"
Add component (AddParameter): Name = "Manufacturer P/N"; Value = "AS0BC21-S30BB-7H"; VariantName = "[No Variations]"
Added Pin To Net: NetName=GND Pin=U?-2
Added Pin To Net: NetName=GND Pin=U?-4
Added Pin To Net: NetName=GND Pin=U?-6
Added Pin To Net: NetName=GND Pin=U?-8
Added Pin To Net: NetName=GND Pin=U?-10
Added Pin To Net: NetName=&^~PB6_SCL1 Pin=U?-54
Added Net: Name=&^~PB6_SCL1
Added Pin To Net: NetName=&^~PB7_SDA1 Pin=U?-52
Added Net: Name=&^~PB7_SDA1
Added Pin To Net: NetName=&~PA1_ADC1 Pin=U?-40
Added Net: Name=&~PA1_ADC1
Added Pin To Net: NetName=^PA15 Pin=U?-75
Added Net: Name=^PA15
Added Pin To Net: NetName=^PB2_BOOT1 Pin=U?-28
Added Net: Name=^PB2_BOOT1
Added Pin To Net: NetName=^PB4 Pin=U?-65
Added Net: Name=^PB4
Added Pin To Net: NetName=^PB10_SCL2_RX3 Pin=U?-22
Added Net: Name=^PB10_SCL2_RX3
Added Pin To Net: NetName=^PB11_SDA2_TX3 Pin=U?-20
Added Net: Name=^PB11_SDA2_TX3
Added Pin To Net: NetName=^PB12_SS2 Pin=U?-21
Added Net: Name=^PB12_SS2
Added Pin To Net: NetName=^PB13_SCK2 Pin=U?-30
Added Net: Name=^PB13_SCK2
Added Pin To Net: NetName=^PB14_MISO2 Pin=U?-32
Added Net: Name=^PB14_MISO2
Added Pin To Net: NetName=^PB15_MOSI2 Pin=U?-34
Added Net: Name=^PB15_MOSI2
Added Pin To Net: NetName=^~PA8 Pin=U?-60
Added Net: Name=^~PA8
Added Pin To Net: NetName=^~PA9_TX1 Pin=U?-62
Added Net: Name=^~PA9_TX1
Added Pin To Net: NetName=^~PA10_RX1 Pin=U?-64
Added Net: Name=^~PA10_RX1
Added Pin To Net: NetName=NRST Pin=U?-55
Added Net: Name=NRST
Added Net: Name=PA1
Added Pin To Net: NetName=PA4_ADC4_SS1 Pin=U?-33
Added Net: Name=PA4_ADC4_SS1
Added Pin To Net: NetName=PA5_ADC5_SCK1 Pin=U?-31
Added Net: Name=PA5_ADC5_SCK1
Added Pin To Net: NetName=PB5 Pin=U?-63
Added Net: Name=PB5
Added Pin To Net: NetName=PC0 Pin=U?-49
Added Net: Name=PC0
Added Pin To Net: NetName=PC1 Pin=U?-47
Added Net: Name=PC1
Added Pin To Net: NetName=PC2 Pin=U?-45
Added Net: Name=PC2
Added Pin To Net: NetName=PC3 Pin=U?-46
Added Net: Name=PC3
Added Pin To Net: NetName=PC4 Pin=U?-25
Added Net: Name=PC4
Added Pin To Net: NetName=PC5 Pin=U?-23
Added Net: Name=PC5
Added Pin To Net: NetName=PC6 Pin=U?-36
Added Net: Name=PC6
Added Pin To Net: NetName=PC7 Pin=U?-38
Added Net: Name=PC7
Added Pin To Net: NetName=PC8 Pin=U?-56
Added Net: Name=PC8
Added Pin To Net: NetName=PC9 Pin=U?-58
Added Net: Name=PC9
Added Pin To Net: NetName=PC10 Pin=U?-73
Added Net: Name=PC10
Added Pin To Net: NetName=PC11 Pin=U?-71
Added Net: Name=PC11
Added Pin To Net: NetName=PC12 Pin=U?-69
Added Net: Name=PC12
Added Pin To Net: NetName=PC13 Pin=U?-57
Added Net: Name=PC13
Added Pin To Net: NetName=PC14 Pin=U?-50
Added Net: Name=PC14
Added Pin To Net: NetName=PC15 Pin=U?-48
Added Net: Name=PC15
Added Pin To Net: NetName=PD2 Pin=U?-67
Added Net: Name=PD2
Added Pin To Net: NetName=PPS Pin=U?-66
Added Net: Name=PPS
Added Pin To Net: NetName=SWDCK Pin=U?-68
Added Net: Name=SWDCK
Added Pin To Net: NetName=SWDIO Pin=U?-70
Added Net: Name=SWDIO
Added Pin To Net: NetName=USB_DM Pin=U?-72
Added Net: Name=USB_DM
Added Pin To Net: NetName=USB_DP Pin=U?-74
Added Net: Name=USB_DP
Added Pin To Net: NetName=VCC_3V3 Pin=U?-37
Added Pin To Net: NetName=VCC_3V3 Pin=U?-39
Added Net: Name=VCC_3V3
Added Pin To Net: NetName=VCC_5V Pin=U?-1
Added Pin To Net: NetName=VCC_5V Pin=U?-3
Added Pin To Net: NetName=VCC_5V Pin=U?-5
Added Pin To Net: NetName=VCC_5V Pin=U?-7
Added Pin To Net: NetName=VCC_5V Pin=U?-9
Added Pin To Net: NetName=VCC_5V Pin=U?-11
Added Net: Name=VCC_5V
Added Pin To Net: NetName=VDDA Pin=U?-41
Added Net: Name=VDDA
Added Pin To Net: NetName=VSSA Pin=U?-44
Added Net: Name=VSSA
Added Pin To Net: NetName=~PA0_ADC0 Pin=U?-42
Added Net: Name=~PA0_ADC0
Added Pin To Net: NetName=~PA2_ADC2_TX2 Pin=U?-43
Added Net: Name=~PA2_ADC2_TX2
Added Pin To Net: NetName=~PA3_ADC3_RX2 Pin=U?-35
Added Net: Name=~PA3_ADC3_RX2
Added Pin To Net: NetName=~PA6_ADC6_MISO1 Pin=U?-29
Added Net: Name=~PA6_ADC6_MISO1
Added Pin To Net: NetName=~PA7_ADC7_MOSI1 Pin=U?-27
Added Net: Name=~PA7_ADC7_MOSI1
Added Pin To Net: NetName=~PB0_ADC8 Pin=U?-26
Added Net: Name=~PB0_ADC8
Added Pin To Net: NetName=~PB1_ADC9 Pin=U?-24
Added Net: Name=~PB1_ADC9
Added Pin To Net: NetName=~PB8_CANTX Pin=U?-59
Added Net: Name=~PB8_CANTX
Added Pin To Net: NetName=~PB9_CANRX Pin=U?-61
Added Net: Name=~PB9_CANRX
Added Class: Name=breakout_arduino_mega
Change Room Name: Old Name=AdruinoMegaSheild New Name=breakout_arduino_mega
Change Room Scope: Old Scope=InComponentClass('AdruinoMegaSheild') New Scope=InComponentClass('breakout_arduino_mega')
