Replace Part MCU_C_A CL05A106MQ5NUNC in C:\git\cp2\cp3\CPU.3.SchDoc with CL05A106MQ5NUNC from JLC_PCB.SchLib
Replace Part MCU_C_B CL05A106MQ5NUNC in C:\git\cp2\cp3\CPU.3.SchDoc with CL05A106MQ5NUNC from JLC_PCB.SchLib
Replace Part MCU_C_C CL05A106MQ5NUNC in C:\git\cp2\cp3\CPU.3.SchDoc with CL05A106MQ5NUNC from JLC_PCB.SchLib
Replace Part MCU_C_D CL05A106MQ5NUNC in C:\git\cp2\cp3\CPU.3.SchDoc with CL05A106MQ5NUNC from JLC_PCB.SchLib
Replace Part MCU_C_E CL05A106MQ5NUNC in C:\git\cp2\cp3\CPU.3.SchDoc with CL05A106MQ5NUNC from JLC_PCB.SchLib
Replace Part MCU_C_F CL05A105KA5NQNC in C:\git\cp2\cp3\CPU.3.SchDoc with CL05A105KA5NQNC from JLC_PCB.SchLib
Replace Part MCU_C_G 0402CG120J500NT in C:\git\cp2\cp3\CPU.3.SchDoc with 0402CG120J500NT from JLC_PCB.SchLib
Replace Part MCU_C_H 0402CG120J500NT in C:\git\cp2\cp3\CPU.3.SchDoc with 0402CG120J500NT from JLC_PCB.SchLib
Replace Part MCU_C_I CL05A106MQ5NUNC in C:\git\cp2\cp3\CPU.3.SchDoc with CL05A106MQ5NUNC from JLC_PCB.SchLib
Replace Part MCU_C_J CL05A106MQ5NUNC in C:\git\cp2\cp3\CPU.3.SchDoc with CL05A106MQ5NUNC from JLC_PCB.SchLib
Replace Part MCU_C_K CL05A106MQ5NUNC in C:\git\cp2\cp3\CPU.3.SchDoc with CL05A106MQ5NUNC from JLC_PCB.SchLib
Replace Part MCU_C_L CL21A106KAYNNNE in C:\git\cp2\cp3\CPU.3.SchDoc with CL21A106KAYNNNE from JLC_PCB.SchLib
Replace Part MCU_C_M CL05B104KO5NNNC in C:\git\cp2\cp3\CPU.3.SchDoc with CL05B104KO5NNNC from JLC_PCB.SchLib
Replace Part MCU_C_N CL05B104KO5NNNC in C:\git\cp2\cp3\CPU.3.SchDoc with CL05B104KO5NNNC from JLC_PCB.SchLib
Replace Part MCU_C_R 0402CG101J500NT in C:\git\cp2\cp3\CPU.3.SchDoc with 0402CG101J500NT from JLC_PCB.SchLib
Replace Part MCU_D_A 1N4148WS in C:\git\cp2\cp3\CPU.3.SchDoc with 1N4148WS from JLC_PCB.SchLib
Replace Part MCU_D_B 1N4148WS in C:\git\cp2\cp3\CPU.3.SchDoc with 1N4148WS from JLC_PCB.SchLib
Replace Part MCU_ETH_C_A 0402CG120J500NT in C:\git\cp2\cp3\CPU.3.SchDoc with 0402CG120J500NT from JLC_PCB.SchLib
Replace Part MCU_ETH_C_B 0402CG120J500NT in C:\git\cp2\cp3\CPU.3.SchDoc with 0402CG120J500NT from JLC_PCB.SchLib
Replace Part MCU_ETH_C_C CL05B104KO5NNNC in C:\git\cp2\cp3\CPU.3.SchDoc with CL05B104KO5NNNC from JLC_PCB.SchLib
Replace Part MCU_ETH_C_D CL05A106MQ5NUNC in C:\git\cp2\cp3\CPU.3.SchDoc with CL05A106MQ5NUNC from JLC_PCB.SchLib
Replace Part MCU_ETH_C_E CL05B104KO5NNNC in C:\git\cp2\cp3\CPU.3.SchDoc with CL05B104KO5NNNC from JLC_PCB.SchLib
Replace Part MCU_ETH_C_F CL05B104KO5NNNC in C:\git\cp2\cp3\CPU.3.SchDoc with CL05B104KO5NNNC from JLC_PCB.SchLib
Replace Part MCU_ETH_C_G CL05B104KO5NNNC in C:\git\cp2\cp3\CPU.3.SchDoc with CL05B104KO5NNNC from JLC_PCB.SchLib
Replace Part MCU_ETH_C_H CL05B104KO5NNNC in C:\git\cp2\cp3\CPU.3.SchDoc with CL05B104KO5NNNC from JLC_PCB.SchLib
Replace Part MCU_ETH_C_I CL05B104KO5NNNC in C:\git\cp2\cp3\CPU.3.SchDoc with CL05B104KO5NNNC from JLC_PCB.SchLib
Replace Part MCU_ETH_C_J CL05A106MQ5NUNC in C:\git\cp2\cp3\CPU.3.SchDoc with CL05A106MQ5NUNC from JLC_PCB.SchLib
Replace Part MCU_ETH_C_K CL05B104KO5NNNC in C:\git\cp2\cp3\CPU.3.SchDoc with CL05B104KO5NNNC from JLC_PCB.SchLib
Replace Part MCU_ETH_C_L CL21A106KAYNNNE in C:\git\cp2\cp3\CPU.3.SchDoc with CL21A106KAYNNNE from JLC_PCB.SchLib
Replace Part MCU_ETH_C_M CL21A106KAYNNNE in C:\git\cp2\cp3\CPU.3.SchDoc with CL21A106KAYNNNE from JLC_PCB.SchLib
Replace Part MCU_ETH_C_O 1206B102K202NT in C:\git\cp2\cp3\CPU.3.SchDoc with 1206B102K202NT from JLC_PCB.SchLib
Replace Part MCU_ETH_C_P 1206B102K202NT in C:\git\cp2\cp3\CPU.3.SchDoc with 1206B102K202NT from JLC_PCB.SchLib
Replace Part MCU_ETH_C_Q 0402B223K500NT in C:\git\cp2\cp3\CPU.3.SchDoc with 0402B223K500NT from JLC_PCB.SchLib
Replace Part MCU_ETH_C_R 0402B682K500NT in C:\git\cp2\cp3\CPU.3.SchDoc with 0402B682K500NT from JLC_PCB.SchLib
Replace Part MCU_ETH_C_S 0402B682K500NT in C:\git\cp2\cp3\CPU.3.SchDoc with 0402B682K500NT from JLC_PCB.SchLib
Replace Part MCU_ETH_C_T CL05B103KB5NNNC in C:\git\cp2\cp3\CPU.3.SchDoc with CL05B103KB5NNNC from JLC_PCB.SchLib
Replace Part MCU_ETH_D_A 1N4148WS in C:\git\cp2\cp3\CPU.3.SchDoc with 1N4148WS from JLC_PCB.SchLib
Replace Part MCU_ETH_D_B 1N4148WS in C:\git\cp2\cp3\CPU.3.SchDoc with 1N4148WS from JLC_PCB.SchLib
Replace Part MCU_ETH_D_C 1N4148WS in C:\git\cp2\cp3\CPU.3.SchDoc with 1N4148WS from JLC_PCB.SchLib
Replace Part MCU_ETH_D_D 1N4148WS in C:\git\cp2\cp3\CPU.3.SchDoc with 1N4148WS from JLC_PCB.SchLib
Replace Part MCU_ETH_D_E 1N4148WS in C:\git\cp2\cp3\CPU.3.SchDoc with 1N4148WS from JLC_PCB.SchLib
Replace Part MCU_ETH_D_F 1N4148WS in C:\git\cp2\cp3\CPU.3.SchDoc with 1N4148WS from JLC_PCB.SchLib
Replace Part MCU_ETH_D_G 1N4148WS in C:\git\cp2\cp3\CPU.3.SchDoc with 1N4148WS from JLC_PCB.SchLib
Replace Part MCU_ETH_D_H 1N4148WS in C:\git\cp2\cp3\CPU.3.SchDoc with 1N4148WS from JLC_PCB.SchLib
Replace Part MCU_ETH_L_A SDFL1608S100KTF in C:\git\cp2\cp3\CPU.3.SchDoc with SDFL1608S100KTF from JLC_PCB.SchLib
Replace Part MCU_ETH_NT_A NET_TIE in C:\git\cp2\cp3\CPU.3.SchDoc with NET_TIE from JLC_PCB.SchLib
Replace Part MCU_ETH_NT_B NET_TIE in C:\git\cp2\cp3\CPU.3.SchDoc with NET_TIE from JLC_PCB.SchLib
Replace Part MCU_ETH_NT_C NET_TIE in C:\git\cp2\cp3\CPU.3.SchDoc with NET_TIE from JLC_PCB.SchLib
Replace Part MCU_ETH_NT_D NET_TIE in C:\git\cp2\cp3\CPU.3.SchDoc with NET_TIE from JLC_PCB.SchLib
Replace Part MCU_ETH_NT_E NET_TIE in C:\git\cp2\cp3\CPU.3.SchDoc with NET_TIE from JLC_PCB.SchLib
Replace Part MCU_ETH_R_A 0402WGF1002TCE in C:\git\cp2\cp3\CPU.3.SchDoc with 0402WGF1002TCE from JLC_PCB.SchLib
Replace Part MCU_ETH_R_B 0402WGF1002TCE in C:\git\cp2\cp3\CPU.3.SchDoc with 0402WGF1002TCE from JLC_PCB.SchLib
Replace Part MCU_ETH_R_C 0402WGF1004TCE in C:\git\cp2\cp3\CPU.3.SchDoc with 0402WGF1004TCE from JLC_PCB.SchLib
Replace Part MCU_ETH_R_D 0402WGF1002TCE in C:\git\cp2\cp3\CPU.3.SchDoc with 0402WGF1002TCE from JLC_PCB.SchLib
Replace Part MCU_ETH_R_E 0402WGF1202TCE in C:\git\cp2\cp3\CPU.3.SchDoc with 0402WGF1202TCE from JLC_PCB.SchLib
Replace Part MCU_ETH_R_F 0402WGF3300TCE in C:\git\cp2\cp3\CPU.3.SchDoc with 0402WGF3300TCE from JLC_PCB.SchLib
Replace Part MCU_ETH_R_G 0402WGF3300TCE in C:\git\cp2\cp3\CPU.3.SchDoc with 0402WGF3300TCE from JLC_PCB.SchLib
Replace Part MCU_ETH_R_H 0402WGF1500TCE in C:\git\cp2\cp3\CPU.3.SchDoc with 0402WGF1500TCE from JLC_PCB.SchLib
Replace Part MCU_ETH_R_I 0402WGF750JTCE in C:\git\cp2\cp3\CPU.3.SchDoc with 0402WGF750JTCE from JLC_PCB.SchLib
Replace Part MCU_ETH_R_J 0402WGF750JTCE in C:\git\cp2\cp3\CPU.3.SchDoc with 0402WGF750JTCE from JLC_PCB.SchLib
Replace Part MCU_ETH_R_K 0402WGF499JTCE in C:\git\cp2\cp3\CPU.3.SchDoc with 0402WGF499JTCE from JLC_PCB.SchLib
Replace Part MCU_ETH_R_L 0402WGF499JTCE in C:\git\cp2\cp3\CPU.3.SchDoc with 0402WGF499JTCE from JLC_PCB.SchLib
Replace Part MCU_ETH_R_M 0402WGF100JTCE in C:\git\cp2\cp3\CPU.3.SchDoc with 0402WGF100JTCE from JLC_PCB.SchLib
Replace Part MCU_ETH_R_N 0603WAF820JT5E in C:\git\cp2\cp3\CPU.3.SchDoc with 0603WAF820JT5E from JLC_PCB.SchLib
Replace Part MCU_ETH_R_O 0603WAF820JT5E in C:\git\cp2\cp3\CPU.3.SchDoc with 0603WAF820JT5E from JLC_PCB.SchLib
Replace Part MCU_ETH_T_A H1102NLT in C:\git\cp2\cp3\CPU.3.SchDoc with H1102NLT from JLC_PCB.SchLib
Replace Part MCU_J_A NGFF_MALE_B in C:\git\cp2\cp3\CPU.3.SchDoc with NGFF_MALE_B from JLC_PCB.SchLib
Replace Part MCU_J_B 918-418K2023S40001 in C:\git\cp2\cp3\CPU.3.SchDoc with 918-418K2023S40001 from JLC_PCB.SchLib
Replace Part MCU_J_C 918-418K2023S40001 in C:\git\cp2\cp3\CPU.3.SchDoc with 918-418K2023S40001 from JLC_PCB.SchLib
Replace Part MCU_J_D 918-418K2023S40001 in C:\git\cp2\cp3\CPU.3.SchDoc with 918-418K2023S40001 from JLC_PCB.SchLib
Replace Part MCU_J_E 2-406549-1 in C:\git\cp2\cp3\CPU.3.SchDoc with 2-406549-1 from JLC_PCB.SchLib
Replace Part MCU_L_A SDFL1608S100KTF in C:\git\cp2\cp3\CPU.3.SchDoc with SDFL1608S100KTF from JLC_PCB.SchLib
Replace Part MCU_LED_B 19-217/BHC-ZL1M2RY/3T in C:\git\cp2\cp3\CPU.3.SchDoc with 19-217/BHC-ZL1M2RY/3T from JLC_PCB.SchLib
Replace Part MCU_LED_G 19-217/GHC-YR1S2/3T in C:\git\cp2\cp3\CPU.3.SchDoc with 19-217/GHC-YR1S2/3T from JLC_PCB.SchLib
Replace Part MCU_LED_R KT-0603R in C:\git\cp2\cp3\CPU.3.SchDoc with KT-0603R from JLC_PCB.SchLib
Replace Part MCU_LED_R_B 0402WGF2200TCE in C:\git\cp2\cp3\CPU.3.SchDoc with 0402WGF2200TCE from JLC_PCB.SchLib
Replace Part MCU_LED_R_G 0402WGF3300TCE in C:\git\cp2\cp3\CPU.3.SchDoc with 0402WGF3300TCE from JLC_PCB.SchLib
Replace Part MCU_LED_R_R 0402WGF3300TCE in C:\git\cp2\cp3\CPU.3.SchDoc with 0402WGF3300TCE from JLC_PCB.SchLib
Replace Part MCU_LED_R_Y 0402WGF3300TCE in C:\git\cp2\cp3\CPU.3.SchDoc with 0402WGF3300TCE from JLC_PCB.SchLib
Replace Part MCU_LED_Y 19-21UYC/S530-A4/TR8 in C:\git\cp2\cp3\CPU.3.SchDoc with 19-21UYC/S530-A4/TR8 from JLC_PCB.SchLib
Replace Part MCU_R_A 0402WGF0000TCE in C:\git\cp2\cp3\CPU.3.SchDoc with 0402WGF0000TCE from JLC_PCB.SchLib
Replace Part MCU_R_B 0402WGF4701TCE in C:\git\cp2\cp3\CPU.3.SchDoc with 0402WGF4701TCE from JLC_PCB.SchLib
Replace Part MCU_R_C 0402WGF0000TCE in C:\git\cp2\cp3\CPU.3.SchDoc with 0402WGF0000TCE from JLC_PCB.SchLib
Replace Part MCU_R_F 0402WGF220JTCE in C:\git\cp2\cp3\CPU.3.SchDoc with 0402WGF220JTCE from JLC_PCB.SchLib
Replace Part MCU_R_G 0402WGF220JTCE in C:\git\cp2\cp3\CPU.3.SchDoc with 0402WGF220JTCE from JLC_PCB.SchLib
Replace Part MCU_R_H 0402WGF1501TCE in C:\git\cp2\cp3\CPU.3.SchDoc with 0402WGF1501TCE from JLC_PCB.SchLib
Replace Part MCU_R_I 0402WGF5101TCE in C:\git\cp2\cp3\CPU.3.SchDoc with 0402WGF5101TCE from JLC_PCB.SchLib
Replace Part MCU_R_J 0402WGF5101TCE in C:\git\cp2\cp3\CPU.3.SchDoc with 0402WGF5101TCE from JLC_PCB.SchLib
Replace Part MCU_R_K 0402WGF0000TCE in C:\git\cp2\cp3\CPU.3.SchDoc with 0402WGF0000TCE from JLC_PCB.SchLib
Replace Part MCU_R_L 0402WGF0000TCE in C:\git\cp2\cp3\CPU.3.SchDoc with 0402WGF0000TCE from JLC_PCB.SchLib
Replace Part MCU_SW_A TS-1187A-B-A-B in C:\git\cp2\cp3\CPU.3.SchDoc with TS-1187A-B-A-B from JLC_PCB.SchLib
Replace Part MCU_U_A STM32F405RGT6 in C:\git\cp2\cp3\CPU.3.SchDoc with STM32F405RGT6 from JLC_PCB.SchLib
Replace Part MCU_U_B GD32F103CBT6 in C:\git\cp2\cp3\CPU.3.SchDoc with GD32F103CBT6 from JLC_PCB.SchLib
Replace Part MCU_U_C HT7533-1 in C:\git\cp2\cp3\CPU.3.SchDoc with HT7533-1 from JLC_PCB.SchLib
Replace Part MCU_U_D FUSB302BMPX in C:\git\cp2\cp3\CPU.3.SchDoc with FUSB302BMPX from JLC_PCB.SchLib
Replace Part MCU_U_E W5500 in C:\git\cp2\cp3\CPU.3.SchDoc with W5500 from JLC_PCB.SchLib
Replace Part MCU_U_F AG9705-2BR in C:\git\cp2\cp3\CPU.3.SchDoc with AG9705-2BR from JLC_PCB.SchLib
Replace Part MCU_U_G AP2127K-3.3TRG1 in C:\git\cp2\cp3\CPU.3.SchDoc with AP2127K-3.3TRG1 from JLC_PCB.SchLib
Replace Part MCU_Y_A X50328MSB2GI in C:\git\cp2\cp3\CPU.3.SchDoc with X50328MSB2GI from JLC_PCB.SchLib
Replace Part MCU_Y_B X322525MOB4SI in C:\git\cp2\cp3\CPU.3.SchDoc with X322525MOB4SI from JLC_PCB.SchLib
Replace Part Rta_k 0402WGF1500TCE in C:\git\cp2\cp3\CPU.3.SchDoc with 0402WGF1500TCE from JLC_PCB.SchLib
