Removed Pin From Net: NetName=PA5_ADC5_SCK1 Pin=J3-31
Change Net Name : Old Net Name=^PA15 New Net Name=MCU_PA15
Change Net Name : Old Net Name=^PB2_BOOT1 New Net Name=MCU_PB2
Change Net Name : Old Net Name=^PB3/PPS New Net Name=MCU_PB3
Change Net Name : Old Net Name=^PB4 New Net Name=MCU_PB4
Change Net Name : Old Net Name=^PB10_SCL2_RX3 New Net Name=MCU_PB10
Change Net Name : Old Net Name=^PB11_SDA2_TX3 New Net Name=MCU_PB11
Change Net Name : Old Net Name=^PB12_SS2 New Net Name=MCU_PB12
Change Net Name : Old Net Name=^PB13_SCK2 New Net Name=MCU_PB13
Change Net Name : Old Net Name=^PB14_MISO2 New Net Name=MCU_PB14
Change Net Name : Old Net Name=^PB15_MOSI2 New Net Name=MCU_PB15
Change Net Name : Old Net Name=^~PA8 New Net Name=MCU_PA8
Change Net Name : Old Net Name=^~PA9_TX1 New Net Name=MCU_PA9
Change Net Name : Old Net Name=^~PA10_RX1 New Net Name=MCU_PA10
Change Net Name : Old Net Name=^~PB6_SCL1 New Net Name=MCU_PB6
Change Net Name : Old Net Name=^~PB7_SDA1 New Net Name=MCU_PB7
Change Net Name : Old Net Name=NRST New Net Name=MCU_NRST
Change Net Name : Old Net Name=PA4_ADC4_SS1 New Net Name=MCU_PA4
Change Net Name : Old Net Name=PA5_ADC5_SCK1 New Net Name=MCU_PA5
Change Net Name : Old Net Name=PB5 New Net Name=MCU_PB5
Change Net Name : Old Net Name=PC0 New Net Name=MCU_PC0
Change Net Name : Old Net Name=PC1 New Net Name=MCU_PC1
Change Net Name : Old Net Name=PC2 New Net Name=MCU_PC2
Change Net Name : Old Net Name=PC3 New Net Name=MCU_PC3
Change Net Name : Old Net Name=PC4 New Net Name=MCU_PC4
Change Net Name : Old Net Name=PC5 New Net Name=MCU_PC5
Change Net Name : Old Net Name=PC6 New Net Name=MCU_PC6
Change Net Name : Old Net Name=PC7 New Net Name=MCU_PC7
Change Net Name : Old Net Name=PC8 New Net Name=MCU_PC8
Change Net Name : Old Net Name=PC9 New Net Name=MCU_PC9
Change Net Name : Old Net Name=PC10 New Net Name=MCU_PC10
Change Net Name : Old Net Name=PC11 New Net Name=MCU_PC11
Change Net Name : Old Net Name=PC12 New Net Name=MCU_PC12
Change Net Name : Old Net Name=PC13 New Net Name=MCU_PC13
Change Net Name : Old Net Name=PC14 New Net Name=MCU_PC14
Change Net Name : Old Net Name=PC15 New Net Name=MCU_PC15
Change Net Name : Old Net Name=PD2 New Net Name=MCU_PD2
Change Net Name : Old Net Name=XIN New Net Name=MCU_XIN
Change Net Name : Old Net Name=XOUT New Net Name=MCU_XOUT
Change Net Name : Old Net Name=~PA0_ADC0 New Net Name=MCU_PA0
Change Net Name : Old Net Name=~PA1_ADC1 New Net Name=MCU_PA1
Change Net Name : Old Net Name=~PA2_ADC2_TX2 New Net Name=MCU_PA2
Change Net Name : Old Net Name=~PA3_ADC3_RX2 New Net Name=MCU_PA3
Change Net Name : Old Net Name=~PA6_ADC6_MISO1 New Net Name=MCU_PA6
Change Net Name : Old Net Name=~PA7_ADC7_MOSI1 New Net Name=MCU_PA7
Change Net Name : Old Net Name=~PB0_ADC8 New Net Name=MCU_PB0
Change Net Name : Old Net Name=~PB1_ADC9 New Net Name=MCU_PB1
Change Net Name : Old Net Name=~PB8_CANRX New Net Name=MCU_PB8
Change Net Name : Old Net Name=~PB9_CANTX New Net Name=MCU_PB9
Added Pin To Net: NetName=MCU_PA5\ Pin=J3-31
Added Net: Name=MCU_PA5\
